Sun May 20 2018 15:44:47 GMT+0700 (SE Asia Standard Time): GET /
Sun May 20 2018 15:44:48 GMT+0700 (SE Asia Standard Time): GET /about
Sun May 20 2018 15:44:48 GMT+0700 (SE Asia Standard Time): GET /
Sun May 20 2018 15:44:49 GMT+0700 (SE Asia Standard Time): GET /about
Sun May 20 2018 15:44:49 GMT+0700 (SE Asia Standard Time): GET /
Sun May 20 2018 15:44:49 GMT+0700 (SE Asia Standard Time): GET /
Sun May 20 2018 15:44:50 GMT+0700 (SE Asia Standard Time): GET /
Sun May 20 2018 15:44:50 GMT+0700 (SE Asia Standard Time): GET /
Sun May 20 2018 15:44:50 GMT+0700 (SE Asia Standard Time): GET /
Sun May 20 2018 15:44:50 GMT+0700 (SE Asia Standard Time): GET /
Sun May 20 2018 15:44:50 GMT+0700 (SE Asia Standard Time): GET /
Sun May 20 2018 15:44:50 GMT+0700 (SE Asia Standard Time): GET /
Sun May 20 2018 15:52:24 GMT+0700 (SE Asia Standard Time): GET /
Sun May 20 2018 15:52:47 GMT+0700 (SE Asia Standard Time): GET /html.html
Sun May 20 2018 15:53:01 GMT+0700 (SE Asia Standard Time): GET /html.html
Sun May 20 2018 15:53:06 GMT+0700 (SE Asia Standard Time): GET /
Sun May 20 2018 15:53:07 GMT+0700 (SE Asia Standard Time): GET /
Sun May 20 2018 15:54:25 GMT+0700 (SE Asia Standard Time): GET /help.html
Sun May 20 2018 15:55:09 GMT+0700 (SE Asia Standard Time): GET /help.html
Sun May 20 2018 15:55:12 GMT+0700 (SE Asia Standard Time): GET /
Mon Jul 30 2018 16:30:47 GMT+0700 (SE Asia Standard Time): GET /
Mon Jul 30 2018 16:30:47 GMT+0700 (SE Asia Standard Time): GET /favicon.ico
Tue Jul 31 2018 11:45:03 GMT+0700 (SE Asia Standard Time): GET /
Tue Jul 31 2018 11:45:12 GMT+0700 (SE Asia Standard Time): GET /about
Tue Jul 31 2018 11:45:12 GMT+0700 (SE Asia Standard Time): GET /
